0 info it worked if it ends with ok
1 verbose cli [ '/Users/carloscanizal/.nvm/versions/node/v6.14.2/bin/node',
1 verbose cli   '/Users/carloscanizal/.nvm/versions/node/v6.14.2/bin/npm',
1 verbose cli   'run',
1 verbose cli   'test',
1 verbose cli   './tests/ChartModel.test.js' ]
2 info using npm@3.10.10
3 info using node@v6.14.2
4 verbose run-script [ 'pretest', 'test', 'posttest' ]
5 info lifecycle chart-d3@1.0.0~pretest: chart-d3@1.0.0
6 silly lifecycle chart-d3@1.0.0~pretest: no script for pretest, continuing
7 info lifecycle chart-d3@1.0.0~test: chart-d3@1.0.0
8 verbose lifecycle chart-d3@1.0.0~test: unsafe-perm in lifecycle true
9 verbose lifecycle chart-d3@1.0.0~test: PATH: /Users/carloscanizal/.nvm/versions/node/v6.14.2/lib/node_modules/npm/bin/node-gyp-bin:/Users/carloscanizal/projects/chart-d3/node_modules/.bin:/Users/carloscanizal/.pyenv/shims:/Users/carloscanizal/.nvm/versions/node/v6.14.2/bin:/usr/local/bin:/usr/bin:/bin:/usr/sbin:/sbin:/usr/local/share/dotnet:/opt/X11/bin:~/.dotnet/tools:/Library/Frameworks/Mono.framework/Versions/Current/Commands:/usr/local/git/bin
10 verbose lifecycle chart-d3@1.0.0~test: CWD: /Users/carloscanizal/projects/chart-d3
11 silly lifecycle chart-d3@1.0.0~test: Args: [ '-c', 'jest "./tests/ChartModel.test.js"' ]
12 silly lifecycle chart-d3@1.0.0~test: Returned: code: 1  signal: null
13 info lifecycle chart-d3@1.0.0~test: Failed to exec test script
14 verbose stack Error: chart-d3@1.0.0 test: `jest "./tests/ChartModel.test.js"`
14 verbose stack Exit status 1
14 verbose stack     at EventEmitter.<anonymous> (/Users/carloscanizal/.nvm/versions/node/v6.14.2/lib/node_modules/npm/lib/utils/lifecycle.js:255:16)
14 verbose stack     at emitTwo (events.js:106:13)
14 verbose stack     at EventEmitter.emit (events.js:191:7)
14 verbose stack     at ChildProcess.<anonymous> (/Users/carloscanizal/.nvm/versions/node/v6.14.2/lib/node_modules/npm/lib/utils/spawn.js:40:14)
14 verbose stack     at emitTwo (events.js:106:13)
14 verbose stack     at ChildProcess.emit (events.js:191:7)
14 verbose stack     at maybeClose (internal/child_process.js:920:16)
14 verbose stack     at Process.ChildProcess._handle.onexit (internal/child_process.js:230:5)
15 verbose pkgid chart-d3@1.0.0
16 verbose cwd /Users/carloscanizal/projects/chart-d3
17 error Darwin 18.2.0
18 error argv "/Users/carloscanizal/.nvm/versions/node/v6.14.2/bin/node" "/Users/carloscanizal/.nvm/versions/node/v6.14.2/bin/npm" "run" "test" "./tests/ChartModel.test.js"
19 error node v6.14.2
20 error npm  v3.10.10
21 error code ELIFECYCLE
22 error chart-d3@1.0.0 test: `jest "./tests/ChartModel.test.js"`
22 error Exit status 1
23 error Failed at the chart-d3@1.0.0 test script 'jest "./tests/ChartModel.test.js"'.
23 error Make sure you have the latest version of node.js and npm installed.
23 error If you do, this is most likely a problem with the chart-d3 package,
23 error not with npm itself.
23 error Tell the author that this fails on your system:
23 error     jest "./tests/ChartModel.test.js"
23 error You can get information on how to open an issue for this project with:
23 error     npm bugs chart-d3
23 error Or if that isn't available, you can get their info via:
23 error     npm owner ls chart-d3
23 error There is likely additional logging output above.
24 verbose exit [ 1, true ]
